\BOOKMARK [1][-]{section*.2}{\376\377\000E\000x\000e\000c\000u\000t\000i\000v\000e\000\040\000S\000u\000m\000m\000a\000r\000y}{}% 1
\BOOKMARK [1][-]{section*.3}{\376\377\0001\000\040\000I\000n\000t\000r\000o\000d\000u\000c\000t\000i\000o\000n}{}% 2
\BOOKMARK [2][-]{section*.4}{\376\377\0001\000.\0001\000\040\000P\000u\000r\000p\000o\000s\000e}{section*.3}% 3
\BOOKMARK [2][-]{section*.5}{\376\377\0001\000.\0002\000\040\000O\000v\000e\000r\000v\000i\000e\000w}{section*.3}% 4
\BOOKMARK [2][-]{section*.6}{\376\377\0001\000.\0003\000\040\000R\000e\000f\000e\000r\000e\000n\000c\000e\000s}{section*.3}% 5
\BOOKMARK [2][-]{section*.7}{\376\377\0001\000.\0004\000\040\000T\000e\000r\000m\000i\000n\000o\000l\000o\000g\000y}{section*.3}% 6
\BOOKMARK [2][-]{section*.8}{\376\377\0001\000.\0005\000\040\000S\000c\000o\000p\000e}{section*.3}% 7
\BOOKMARK [2][-]{section*.9}{\376\377\0001\000.\0006\000\040\000D\000o\000c\000u\000m\000e\000n\000t\000s}{section*.3}% 8
\BOOKMARK [1][-]{section*.10}{\376\377\0002\000\040\000S\000C\000R\000U\000M\000\040\000M\000a\000n\000a\000g\000e\000m\000e\000n\000t}{}% 9
\BOOKMARK [2][-]{section*.11}{\376\377\0002\000.\0001\000\040\000P\000r\000o\000c\000e\000s\000s\000\040\000I\000n\000t\000r\000o\000d\000u\000c\000t\000i\000o\000n}{section*.10}% 10
\BOOKMARK [2][-]{section*.12}{\376\377\0002\000.\0002\000\040\000O\000r\000g\000a\000n\000i\000s\000a\000t\000i\000o\000n\000\040\000P\000l\000a\000n\000n\000i\000n\000g}{section*.10}% 11
\BOOKMARK [3][-]{section*.13}{\376\377\0002\000.\0002\000.\0001\000\040\000R\000o\000l\000e\000s}{section*.12}% 12
\BOOKMARK [3][-]{section*.14}{\376\377\0002\000.\0002\000.\0002\000\040\000T\000e\000a\000m\000s}{section*.12}% 13
\BOOKMARK [3][-]{section*.15}{\376\377\0002\000.\0002\000.\0003\000\040\000P\000r\000o\000d\000u\000c\000t\000\040\000B\000a\000c\000k\000l\000o\000g\000\040\000a\000n\000d\000\040\000S\000p\000r\000i\000n\000t\000\040\000L\000o\000g\000s}{section*.12}% 14
\BOOKMARK [2][-]{section*.16}{\376\377\0002\000.\0003\000\040\000M\000e\000e\000t\000i\000n\000g\000s}{section*.10}% 15
\BOOKMARK [1][-]{section*.17}{\376\377\0003\000\040\000E\000x\000t\000r\000e\000m\000e\000\040\000P\000r\000o\000g\000r\000a\000m\000m\000i\000n\000g\000\040\000P\000r\000a\000c\000t\000i\000c\000e\000s}{}% 16
\BOOKMARK [2][-]{section*.18}{\376\377\0003\000.\0001\000\040\000C\000o\000d\000i\000n\000g\000\040\000P\000r\000a\000c\000t\000i\000c\000e\000s}{section*.17}% 17
\BOOKMARK [3][-]{section*.19}{\376\377\0003\000.\0001\000.\0001\000\040\000S\000i\000m\000p\000l\000e\000\040\000C\000o\000d\000e\000\040\000a\000n\000d\000\040\000D\000e\000s\000i\000g\000n}{section*.18}% 18
\BOOKMARK [3][-]{section*.20}{\376\377\0003\000.\0001\000.\0002\000\040\000R\000e\000f\000a\000c\000t\000o\000r\000\040\000M\000e\000r\000c\000i\000l\000e\000s\000s\000l\000y}{section*.18}% 19
\BOOKMARK [3][-]{section*.21}{\376\377\0003\000.\0001\000.\0003\000\040\000C\000o\000d\000i\000n\000g\000\040\000S\000t\000a\000n\000d\000a\000r\000d\000s}{section*.18}% 20
\BOOKMARK [3][-]{section*.22}{\376\377\0003\000.\0001\000.\0004\000\040\000C\000o\000m\000m\000o\000n\000\040\000M\000e\000t\000a\000p\000h\000o\000r}{section*.18}% 21
\BOOKMARK [2][-]{section*.23}{\376\377\0003\000.\0002\000\040\000D\000e\000v\000e\000l\000o\000p\000e\000r\000\040\000P\000r\000a\000c\000t\000i\000c\000e\000s}{section*.17}% 22
\BOOKMARK [3][-]{section*.24}{\376\377\0003\000.\0002\000.\0001\000\040\000T\000e\000s\000t\000\040\000D\000r\000i\000v\000e\000n\000\040\000D\000e\000v\000e\000l\000o\000p\000m\000e\000n\000t}{section*.23}% 23
\BOOKMARK [3][-]{section*.25}{\376\377\0003\000.\0002\000.\0002\000\040\000P\000a\000i\000r\000\040\000P\000r\000o\000g\000r\000a\000m\000m\000i\000n\000g}{section*.23}% 24
\BOOKMARK [3][-]{section*.26}{\376\377\0003\000.\0002\000.\0003\000\040\000C\000o\000l\000l\000e\000c\000t\000i\000v\000e\000\040\000C\000o\000d\000e\000\040\000O\000w\000n\000e\000r\000s\000h\000i\000p}{section*.23}% 25
\BOOKMARK [3][-]{section*.27}{\376\377\0003\000.\0002\000.\0004\000\040\000C\000o\000n\000t\000i\000n\000u\000o\000u\000s\000\040\000I\000n\000t\000e\000g\000r\000a\000t\000i\000o\000n}{section*.23}% 26
\BOOKMARK [2][-]{section*.28}{\376\377\0003\000.\0003\000\040\000B\000u\000s\000i\000n\000e\000s\000s\000\040\000P\000r\000a\000c\000t\000i\000c\000e\000s}{section*.17}% 27
\BOOKMARK [3][-]{section*.29}{\376\377\0003\000.\0003\000.\0001\000\040\000C\000u\000s\000t\000o\000m\000e\000r\000\040\000T\000e\000a\000m\000\040\000M\000e\000m\000b\000e\000r}{section*.28}% 28
\BOOKMARK [3][-]{section*.30}{\376\377\0003\000.\0003\000.\0002\000\040\000P\000l\000a\000n\000n\000i\000n\000g\000\040\000G\000a\000m\000e\000\040\000a\000n\000d\000\040\000U\000s\000e\000r\000\040\000S\000t\000o\000r\000i\000e\000s}{section*.28}% 29
\BOOKMARK [3][-]{section*.31}{\376\377\0003\000.\0003\000.\0003\000\040\000R\000e\000g\000u\000l\000a\000r\000\040\000R\000e\000l\000e\000a\000s\000e\000s}{section*.28}% 30
\BOOKMARK [3][-]{section*.32}{\376\377\0003\000.\0003\000.\0004\000\040\000S\000u\000s\000t\000a\000i\000n\000a\000b\000l\000e\000\040\000P\000a\000c\000e}{section*.28}% 31
\BOOKMARK [2][-]{section*.33}{\376\377\0004\000\040\000A\000r\000t\000i\000f\000a\000c\000t\000s}{section*.17}% 32
\BOOKMARK [3][-]{section*.34}{\376\377\0004\000.\0001\000\040\000S\000t\000o\000r\000y\000\040\000C\000a\000r\000d\000s}{section*.33}% 33
\BOOKMARK [3][-]{section*.35}{\376\377\0004\000.\0002\000\040\000T\000h\000e\000\040\000B\000u\000l\000l\000p\000e\000n}{section*.33}% 34
\BOOKMARK [1][-]{section*.36}{\376\377\0005\000\040\000I\000t\000e\000r\000a\000t\000i\000o\000n\000\040\000R\000e\000v\000i\000e\000w}{}% 35
\BOOKMARK [2][-]{section*.37}{\376\377\0005\000.\0001\000\040\000S\000p\000r\000i\000n\000t\000\040\000R\000e\000v\000i\000e\000w}{section*.36}% 36
\BOOKMARK [3][-]{section*.38}{\376\377\0005\000.\0001\000.\0001\000\040\000C\000o\000m\000p\000l\000e\000t\000e\000d\000\040\000P\000r\000o\000d\000u\000c\000t\000\040\000B\000a\000c\000k\000l\000o\000g\000\040\000I\000t\000e\000m\000s}{section*.37}% 37
\BOOKMARK [3][-]{section*.39}{\376\377\0005\000.\0001\000.\0002\000\040\000C\000o\000m\000p\000l\000e\000t\000e\000d\000\040\000S\000p\000r\000i\000n\000t\000\040\000B\000a\000c\000k\000l\000o\000g\000\040\000I\000t\000e\000m\000s}{section*.37}% 38
\BOOKMARK [3][-]{section*.40}{\376\377\0005\000.\0001\000.\0003\000\040\000T\000i\000m\000e\000l\000i\000n\000e}{section*.37}% 39
\BOOKMARK [2][-]{section*.41}{\376\377\0005\000.\0002\000\040\000S\000p\000r\000i\000n\000t\000\040\000R\000e\000t\000r\000o\000s\000p\000e\000c\000t\000i\000v\000e}{section*.36}% 40
\BOOKMARK [3][-]{section*.42}{\376\377\0005\000.\0002\000.\0001\000\040\000I\000d\000e\000n\000t\000i\000f\000y\000\040\000W\000h\000a\000t\000\040\000W\000e\000n\000t\000\040\000W\000e\000l\000l}{section*.41}% 41
\BOOKMARK [3][-]{section*.43}{\376\377\0005\000.\0002\000.\0002\000\040\000I\000d\000e\000n\000t\000i\000f\000y\000\040\000W\000h\000a\000t\000\040\000N\000e\000e\000d\000s\000\040\000I\000m\000p\000r\000o\000v\000e\000m\000e\000n\000t}{section*.41}% 42
\BOOKMARK [3][-]{section*.44}{\376\377\0005\000.\0002\000.\0003\000\040\000P\000l\000a\000n\000\040\000t\000o\000\040\000I\000m\000p\000r\000o\000v\000e\000\040\000P\000r\000o\000c\000e\000s\000s\000\040\000N\000e\000x\000t\000\040\000S\000p\000r\000i\000n\000t}{section*.41}% 43
\BOOKMARK [2][-]{section*.45}{\376\377\0005\000.\0003\000\040\000S\000c\000r\000u\000m\000\040\000M\000e\000e\000t\000i\000n\000g\000s\000\040\000R\000e\000v\000i\000e\000w}{section*.36}% 44
\BOOKMARK [2][-]{section*.46}{\376\377\0005\000.\0004\000\040\000C\000u\000s\000t\000o\000m\000e\000r\000\040\000I\000n\000t\000e\000g\000r\000a\000t\000i\000o\000n\000\040\000R\000e\000v\000i\000e\000w}{section*.36}% 45
\BOOKMARK [1][-]{section*.47}{\376\377\0006\000\040\000A\000p\000p\000e\000n\000d\000i\000c\000e\000s}{}% 46
\BOOKMARK [2][-]{section*.48}{\376\377\0006\000.\0001\000\040\000S\000C\000R\000U\000M\000\040\000M\000e\000e\000t\000i\000n\000g\000\040\000M\000i\000n\000u\000t\000e\000s}{section*.47}% 47
