\BOOKMARK [1][-]{section*.2}{\376\377\000E\000x\000e\000c\000u\000t\000i\000v\000e\000\040\000S\000u\000m\000m\000a\000r\000y}{}% 1
\BOOKMARK [1][-]{section*.3}{\376\377\0001\000\040\000I\000n\000t\000r\000o\000d\000u\000c\000t\000i\000o\000n}{}% 2
\BOOKMARK [2][-]{section*.4}{\376\377\0001\000.\0001\000\040\000O\000v\000e\000r\000v\000i\000e\000w}{section*.3}% 3
\BOOKMARK [2][-]{section*.5}{\376\377\0001\000.\0002\000.\000\040\000S\000c\000o\000p\000e}{section*.3}% 4
\BOOKMARK [1][-]{section*.6}{\376\377\0001\000.\0003\000\040\000D\000e\000f\000i\000n\000i\000t\000i\000o\000n\000s\000\040\000a\000n\000d\000\040\000A\000c\000r\000o\000n\000y\000m\000s}{}% 5
\BOOKMARK [1][-]{section*.7}{\376\377\0002\000\040\000V\000e\000r\000i\000f\000i\000c\000a\000t\000i\000o\000n}{}% 6
\BOOKMARK [2][-]{section*.8}{\376\377\0002\000.\0001\000\040\000S\000y\000s\000t\000e\000m\000\040\000A\000r\000c\000h\000i\000t\000e\000c\000t\000u\000r\000e}{section*.7}% 7
\BOOKMARK [2][-]{section*.9}{\376\377\0002\000.\0002\000\040\000D\000a\000t\000a\000\040\000F\000l\000o\000w}{section*.7}% 8
\BOOKMARK [2][-]{section*.10}{\376\377\0002\000.\0003\000\040\000S\000y\000s\000t\000e\000m\000\040\000D\000e\000s\000i\000g\000n}{section*.7}% 9
\BOOKMARK [3][-]{section*.11}{\376\377\0002\000.\0003\000.\0001\000\040\000S\000e\000r\000v\000e\000r\000\040\000S\000i\000d\000e\000\040\000C\000l\000a\000s\000s\000\040\000D\000i\000a\000g\000r\000a\000m}{section*.10}% 10
\BOOKMARK [3][-]{section*.12}{\376\377\0002\000.\0003\000.\0002\000\040\000C\000l\000i\000e\000n\000t\000\040\000S\000i\000d\000e\000\040\000C\000l\000a\000s\000s\000\040\000D\000i\000a\000g\000r\000a\000m}{section*.10}% 11
\BOOKMARK [3][-]{section*.13}{\376\377\0002\000.\0003\000.\0003\000\040\000U\000M\000L\000\040\000C\000o\000m\000p\000o\000n\000e\000n\000t\000\040\000D\000i\000a\000g\000r\000a\000m}{section*.10}% 12
\BOOKMARK [3][-]{section*.14}{\376\377\0002\000.\0003\000.\0004\000\040\000U\000M\000L\000\040\000U\000s\000e\000\040\000C\000a\000s\000e\000\040\000D\000i\000a\000g\000r\000a\000m}{section*.10}% 13
\BOOKMARK [3][-]{section*.15}{\376\377\0002\000.\0003\000.\0005\000\040\000U\000M\000L\000\040\000S\000t\000a\000t\000e\000\040\000M\000a\000c\000h\000i\000n\000e\000\040\000D\000i\000a\000g\000r\000a\000m}{section*.10}% 14
\BOOKMARK [3][-]{section*.16}{\376\377\0002\000.\0003\000.\0006\000\040\000U\000M\000L\000\040\000S\000e\000q\000u\000e\000n\000c\000e\000\040\000D\000i\000a\000g\000r\000a\000m}{section*.10}% 15
\BOOKMARK [1][-]{section*.17}{\376\377\0003\000\040\000P\000r\000o\000c\000e\000s\000s\000\040\000D\000o\000c\000u\000m\000e\000n\000t\000a\000t\000i\000o\000n}{}% 16
\BOOKMARK [2][-]{section*.18}{\376\377\0003\000.\0001\000\040\000O\000v\000e\000r\000v\000i\000e\000w\000\040\000o\000f\000\040\000P\000r\000o\000c\000e\000s\000s\000e\000s}{section*.17}% 17
\BOOKMARK [2][-]{section*.19}{\376\377\0003\000.\0002\000\040\000C\000o\000d\000e\000\040\000B\000a\000s\000e\000\040\000M\000a\000n\000a\000g\000e\000m\000e\000n\000t}{section*.17}% 18
\BOOKMARK [2][-]{section*.20}{\376\377\0003\000.\0003\000\040\000O\000r\000i\000g\000i\000n\000a\000l\000\040\000M\000i\000l\000e\000s\000t\000o\000n\000e\000\040\000A\000s\000s\000i\000g\000n\000m\000e\000n\000t\000s}{section*.17}% 19
\BOOKMARK [2][-]{section*.21}{\376\377\0003\000.\0003\000\040\000C\000u\000r\000r\000e\000n\000t\000\040\000M\000i\000l\000e\000s\000t\000o\000n\000e\000\040\000A\000s\000s\000i\000g\000n\000m\000e\000n\000t\000s\000\040\000a\000n\000d\000\040\000D\000e\000v\000i\000a\000t\000i\000o\000n\000s}{section*.17}% 20
\BOOKMARK [3][-]{section*.22}{\376\377\0003\000.\0003\000.\0001\000\040\000M\000i\000l\000e\000s\000t\000o\000n\000e\000\040\000D\000e\000v\000i\000a\000t\000i\000o\000n\000s}{section*.21}% 21
\BOOKMARK [3][-]{section*.23}{\376\377\0003\000.\0003\000.\0002\000\040\000D\000e\000v\000i\000a\000t\000i\000o\000n\000s\000\040\000i\000n\000\040\000P\000r\000o\000j\000e\000c\000t\000\040\000M\000o\000n\000i\000t\000o\000r\000i\000n\000g\000\040\000P\000l\000a\000n}{section*.21}% 22
\BOOKMARK [3][-]{section*.24}{\376\377\0003\000.\0003\000.\0003\000\040\000D\000e\000v\000i\000a\000t\000i\000o\000n\000s\000\040\000C\000a\000u\000s\000e\000d\000\040\000B\000y\000\040\000C\000h\000a\000n\000g\000e\000\040\000i\000n\000\040\000T\000i\000m\000e\000l\000i\000n\000e}{section*.21}% 23
\BOOKMARK [3][-]{section*.25}{\376\377\0003\000.\0003\000.\0004\000\040\000Q\000u\000a\000l\000i\000t\000y\000\040\000A\000s\000s\000u\000r\000a\000n\000c\000e}{section*.21}% 24
\BOOKMARK [1][-]{section*.26}{\376\377\0004\000\040\000R\000i\000s\000k\000\040\000M\000o\000n\000i\000t\000o\000r\000i\000n\000g\000\040\000P\000l\000a\000n\000\040\000A\000d\000h\000e\000r\000e\000n\000c\000e}{}% 25
\BOOKMARK [1][-]{section*.27}{\376\377\0005\000\040\000S\000t\000a\000r\000t\000u\000p\000\040\000I\000n\000s\000t\000r\000u\000c\000t\000i\000o\000n\000s}{}% 26
\BOOKMARK [1][-]{section*.28}{\376\377\0006\000.\000\040\000A\000p\000p\000e\000n\000d\000i\000c\000e\000s}{}% 27
\BOOKMARK [2][-]{section*.29}{\376\377\0006\000.\0001\000\040\000I\000s\000s\000u\000e\000\040\000T\000r\000a\000c\000k\000i\000n\000g\000\040\000A\000n\000d\000\040\000P\000r\000o\000g\000r\000e\000s\000s\000\040\000R\000e\000p\000o\000r\000t\000i\000n\000g}{section*.28}% 28
\BOOKMARK [3][-]{section*.30}{\376\377\0006\000.\0001\000.\0001\000\040\000G\000m\000a\000i\000l\000\040\000C\000o\000m\000m\000u\000n\000i\000c\000a\000t\000i\000o\000n\000s}{section*.29}% 29
\BOOKMARK [3][-]{section*.31}{\376\377\0006\000.\0001\000.\0002\000\040\000M\000i\000l\000e\000s\000t\000o\000n\000e\000\040\000T\000r\000a\000c\000k\000i\000n\000g}{section*.29}% 30
