\BOOKMARK [1][-]{section*.2}{\376\377\000E\000x\000e\000c\000u\000t\000i\000v\000e\000\040\000S\000u\000m\000m\000a\000r\000y}{}% 1
\BOOKMARK [1][-]{section*.3}{\376\377\0001\000.\000\040\000I\000n\000t\000r\000o\000d\000u\000c\000t\000i\000o\000n}{}% 2
\BOOKMARK [2][-]{section*.4}{\376\377\0001\000.\0001\000\040\000P\000u\000r\000p\000o\000s\000e}{section*.3}% 3
\BOOKMARK [2][-]{section*.5}{\376\377\0001\000.\0002\000\040\000S\000c\000o\000p\000e}{section*.3}% 4
\BOOKMARK [2][-]{section*.6}{\376\377\0001\000.\0003\000\040\000D\000e\000f\000i\000n\000i\000t\000i\000o\000n\000s\000,\000\040\000A\000c\000r\000o\000n\000y\000m\000s\000,\000\040\000a\000n\000d\000\040\000A\000b\000b\000r\000e\000v\000i\000a\000t\000i\000o\000n\000s}{section*.3}% 5
\BOOKMARK [2][-]{section*.7}{\376\377\0001\000.\0004\000\040\000R\000e\000f\000e\000r\000e\000n\000c\000e\000s}{section*.3}% 6
\BOOKMARK [2][-]{section*.8}{\376\377\0001\000.\0005\000\040\000O\000v\000e\000r\000v\000i\000e\000w}{section*.3}% 7
\BOOKMARK [1][-]{section*.9}{\376\377\0002\000.\000\040\000O\000v\000e\000r\000a\000l\000l\000\040\000D\000e\000s\000c\000r\000i\000p\000t\000i\000o\000n}{}% 8
\BOOKMARK [2][-]{section*.10}{\376\377\0002\000.\0001\000\040\000P\000r\000o\000d\000u\000c\000t\000\040\000P\000e\000r\000s\000p\000e\000c\000t\000i\000v\000e}{section*.9}% 9
\BOOKMARK [3][-]{section*.11}{\376\377\0002\000.\0001\000.\0001\000\040\000S\000y\000s\000t\000e\000m\000\040\000I\000n\000t\000e\000r\000f\000a\000c\000e\000s}{section*.10}% 10
\BOOKMARK [3][-]{section*.12}{\376\377\0002\000.\0001\000.\0002}{section*.10}% 11
\BOOKMARK [3][-]{section*.13}{\376\377\0002\000.\0001\000.\0003\000\040\000H\000a\000r\000d\000w\000a\000r\000e\000\040\000I\000n\000t\000e\000r\000f\000a\000c\000e\000s}{section*.10}% 12
\BOOKMARK [3][-]{section*.14}{\376\377\0002\000.\0001\000.\0004\000\040\000S\000o\000f\000t\000w\000a\000r\000e\000\040\000I\000n\000t\000e\000r\000f\000a\000c\000e\000s}{section*.10}% 13
\BOOKMARK [3][-]{section*.15}{\376\377\0002\000.\0001\000.\0005\000\040\000C\000o\000m\000m\000u\000n\000i\000c\000a\000t\000i\000o\000n\000\040\000I\000n\000t\000e\000r\000f\000a\000c\000e\000s}{section*.10}% 14
\BOOKMARK [3][-]{section*.16}{\376\377\0002\000.\0001\000.\0006\000\040\000M\000e\000m\000o\000r\000y\000\040\000c\000o\000n\000s\000t\000r\000a\000i\000n\000t\000s}{section*.10}% 15
\BOOKMARK [2][-]{section*.17}{\376\377\0002\000.\0002\000\040\000P\000r\000o\000d\000u\000c\000t\000\040\000F\000u\000n\000c\000t\000i\000o\000n\000s}{section*.9}% 16
\BOOKMARK [2][-]{section*.18}{\376\377\0002\000.\0003\000\040\000U\000s\000e\000r\000\040\000C\000h\000a\000r\000a\000c\000t\000e\000r\000i\000s\000t\000i\000c\000s}{section*.9}% 17
\BOOKMARK [2][-]{section*.19}{\376\377\0002\000.\0004\000\040\000G\000e\000n\000e\000r\000a\000l\000\040\000C\000o\000n\000s\000t\000r\000a\000i\000n\000t\000s}{section*.9}% 18
\BOOKMARK [2][-]{section*.20}{\376\377\0002\000.\0005\000\040\000A\000s\000s\000u\000m\000p\000t\000i\000o\000n\000s\000\040\000a\000n\000d\000\040\000D\000e\000p\000e\000n\000d\000e\000n\000c\000i\000e\000s}{section*.9}% 19
\BOOKMARK [2][-]{section*.21}{\376\377\0002\000.\0006\000\040\000A\000p\000p\000o\000r\000t\000i\000o\000n\000i\000n\000g\000\040\000o\000f\000\040\000r\000e\000q\000u\000i\000r\000e\000m\000e\000n\000t\000s}{section*.9}% 20
\BOOKMARK [1][-]{section*.22}{\376\377\0003\000.\000\040\000S\000p\000e\000c\000i\000f\000i\000c\000\040\000R\000e\000q\000u\000i\000r\000e\000m\000e\000n\000t\000s}{}% 21
\BOOKMARK [2][-]{section*.23}{\376\377\0003\000.\0001\000\040\000E\000x\000t\000e\000r\000n\000a\000l\000\040\000I\000n\000t\000e\000r\000f\000a\000c\000e\000\040\000R\000e\000q\000u\000i\000r\000e\000m\000e\000n\000t\000s}{section*.22}% 22
\BOOKMARK [3][-]{section*.24}{\376\377\0003\000.\0001\000.\0001\000\040\000U\000s\000e\000r\000\040\000I\000n\000t\000e\000r\000f\000a\000c\000e}{section*.23}% 23
\BOOKMARK [4][-]{section*.25}{\376\377\000P\000a\000g\000e\000\040\000C\000o\000l\000o\000r\000\040\000S\000c\000h\000e\000m\000e}{section*.24}% 24
\BOOKMARK [4][-]{section*.26}{\376\377\000S\000e\000a\000r\000c\000h\000\040\000B\000a\000r\000\040\000a\000n\000d\000\040\000S\000u\000b\000m\000i\000t\000\040\000B\000u\000t\000t\000o\000n}{section*.24}% 25
\BOOKMARK [4][-]{section*.27}{\376\377\000A\000u\000t\000o\000c\000o\000m\000p\000l\000e\000t\000e}{section*.24}% 26
\BOOKMARK [4][-]{section*.28}{\376\377\000W\000o\000r\000d\000\040\000C\000l\000o\000u\000d}{section*.24}% 27
\BOOKMARK [4][-]{section*.29}{\376\377\000L\000i\000s\000t\000\040\000o\000f\000\040\000S\000o\000n\000g\000s}{section*.24}% 28
\BOOKMARK [4][-]{section*.30}{\376\377\000L\000y\000r\000i\000c\000s}{section*.24}% 29
\BOOKMARK [3][-]{section*.31}{\376\377\0003\000.\0001\000.\0002\000\040\000H\000a\000r\000d\000w\000a\000r\000e\000\040\000I\000n\000t\000e\000r\000f\000a\000c\000e}{section*.23}% 30
\BOOKMARK [4][-]{section*.32}{\376\377\000S\000e\000r\000v\000e\000r}{section*.31}% 31
\BOOKMARK [3][-]{section*.33}{\376\377\0003\000.\0001\000.\0003\000\040\000S\000o\000f\000t\000w\000a\000r\000e\000\040\000I\000n\000t\000e\000r\000f\000a\000c\000e\000s}{section*.23}% 32
\BOOKMARK [4][-]{section*.34}{\376\377\000A\000p\000a\000c\000h\000e\000\040\000S\000e\000r\000v\000e\000r}{section*.33}% 33
\BOOKMARK [4][-]{section*.35}{\376\377\000J\000a\000v\000a\000S\000c\000r\000i\000p\000t}{section*.33}% 34
\BOOKMARK [2][-]{section*.36}{\376\377\0003\000.\0002\000\040\000F\000u\000n\000c\000t\000i\000o\000n\000a\000l\000\040\000R\000e\000q\000u\000i\000r\000e\000m\000e\000n\000t\000s}{section*.22}% 35
\BOOKMARK [3][-]{section*.37}{\376\377\0003\000.\0002\000.\0001\000\040\000H\000o\000m\000e\000p\000a\000g\000e}{section*.36}% 36
\BOOKMARK [4][-]{section*.38}{\376\377\000A\000r\000t\000i\000s\000t\000\040\000S\000e\000a\000r\000c\000h\000\040\000a\000n\000d\000\040\000S\000e\000l\000e\000c\000t\000i\000o\000n}{section*.37}% 37
\BOOKMARK [4][-]{section*.39}{\376\377\000C\000r\000e\000a\000t\000i\000o\000n\000\040\000a\000n\000d\000\040\000D\000i\000s\000p\000l\000a\000y\000\040\000o\000f\000\040\000t\000h\000e\000\040\000W\000o\000r\000d\000\040\000C\000l\000o\000u\000d}{section*.37}% 38
\BOOKMARK [4][-]{section*.40}{\376\377\000T\000r\000a\000n\000s\000i\000t\000i\000o\000n\000\040\000t\000o\000\040\000t\000h\000e\000\040\000S\000o\000n\000g\000s\000\040\000L\000i\000s\000t}{section*.37}% 39
\BOOKMARK [4][-]{section*.41}{\376\377\000S\000h\000a\000r\000i\000n\000g\000\040\000o\000f\000\040\000t\000h\000e\000\040\000W\000o\000r\000d\000\040\000C\000l\000o\000u\000d}{section*.37}% 40
\BOOKMARK [3][-]{section*.42}{\376\377\0003\000.\0002\000.\0002\000\040\000S\000o\000n\000g\000s\000\040\000P\000a\000g\000e}{section*.36}% 41
\BOOKMARK [4][-]{section*.43}{\376\377\000C\000o\000u\000n\000t\000\040\000o\000f\000\040\000W\000o\000r\000d\000s\000\040\000p\000e\000r\000\040\000S\000o\000n\000g}{section*.42}% 42
\BOOKMARK [4][-]{section*.44}{\376\377\000T\000r\000a\000n\000s\000i\000t\000i\000o\000n\000\040\000t\000o\000\040\000t\000h\000e\000\040\000L\000y\000r\000i\000c\000s\000\040\000P\000a\000g\000e}{section*.42}% 43
\BOOKMARK [4][-]{section*.45}{\376\377\000T\000r\000a\000n\000s\000i\000t\000i\000o\000n\000\040\000t\000o\000\040\000t\000h\000e\000\040\000H\000o\000m\000e\000p\000a\000g\000e}{section*.42}% 44
\BOOKMARK [3][-]{section*.46}{\376\377\0003\000.\0002\000.\0003\000\040\000L\000y\000r\000i\000c\000s\000\040\000p\000a\000g\000e}{section*.36}% 45
\BOOKMARK [4][-]{section*.47}{\376\377\000H\000i\000g\000h\000l\000i\000g\000h\000t\000i\000n\000g\000\040\000o\000f\000\040\000t\000h\000e\000\040\000M\000a\000t\000c\000h\000i\000n\000g\000\040\000W\000o\000r\000d\000s}{section*.46}% 46
\BOOKMARK [4][-]{section*.48}{\376\377\000T\000r\000a\000n\000s\000i\000t\000i\000o\000n\000\040\000t\000o\000\040\000t\000h\000e\000\040\000S\000o\000n\000g\000s\000\040\000L\000i\000s\000t}{section*.46}% 47
\BOOKMARK [4][-]{section*.49}{\376\377\000T\000r\000a\000n\000s\000i\000t\000i\000o\000n\000\040\000t\000o\000\040\000t\000h\000e\000\040\000H\000o\000m\000e\000p\000a\000g\000e}{section*.46}% 48
\BOOKMARK [2][-]{section*.50}{\376\377\0003\000.\0003\000\040\000P\000e\000r\000f\000o\000r\000m\000a\000n\000c\000e\000\040\000R\000e\000q\000u\000i\000r\000e\000m\000e\000n\000t\000s}{section*.22}% 49
\BOOKMARK [2][-]{section*.51}{\376\377\0003\000.\0004\000\040\000D\000e\000s\000i\000g\000n\000\040\000C\000o\000n\000s\000t\000r\000a\000i\000n\000t\000s}{section*.22}% 50
\BOOKMARK [1][-]{section*.52}{\376\377\0004\000.\000\040\000C\000h\000a\000n\000g\000e\000\040\000M\000a\000n\000a\000g\000e\000m\000e\000n\000t\000\040\000P\000r\000o\000c\000e\000s\000s}{}% 51
\BOOKMARK [1][-]{section*.53}{\376\377\0005\000.\000\040\000A\000p\000p\000e\000n\000d\000i\000x\000e\000s}{}% 52
\BOOKMARK [2][-]{section*.54}{\376\377\000A\000.\0001\000:\000\040\000A\000p\000p\000e\000n\000d\000i\000x\000\040\0001\000:\000\040\000N\000o\000t\000e\000s\000\040\000F\000r\000o\000m\000\040\000M\000e\000e\000t\000i\000n\000g\000s\000\040\000W\000i\000t\000h\000\040\000C\000u\000s\000t\000o\000m\000e\000r}{section*.53}% 53
\BOOKMARK [3][-]{section*.55}{\376\377\000A\000.\0001\000.\0001\000:\000\040\000F\000i\000r\000s\000t\000\040\000M\000e\000e\000t\000i\000n\000g\000\040\000o\000n\000\040\000J\000a\000n\000u\000a\000r\000y\000\040\0002\0006\000,\000\040\0002\0000\0001\0005}{section*.54}% 54
\BOOKMARK [4][-]{section*.56}{\376\377\000N\000a\000t\000u\000r\000a\000l\000\040\000L\000a\000n\000g\000u\000a\000g\000e\000\040\000S\000p\000e\000c\000i\000f\000i\000c\000a\000t\000i\000o\000n\000s}{section*.55}% 55
\BOOKMARK [4][-]{section*.57}{\376\377\000G\000r\000a\000p\000h\000i\000c\000a\000l\000\040\000U\000s\000e\000r\000\040\000I\000n\000t\000e\000r\000f\000a\000c\000e}{section*.55}% 56
\BOOKMARK [4][-]{section*.58}{\376\377\000C\000o\000n\000s\000t\000r\000a\000i\000n\000t\000s\000\040\000a\000n\000d\000\040\000R\000e\000s\000t\000r\000i\000c\000t\000i\000o\000n\000s}{section*.55}% 57
\BOOKMARK [4][-]{section*.59}{\376\377\000W\000o\000r\000d\000\040\000C\000l\000o\000u\000d\000\040\000F\000u\000n\000c\000t\000i\000o\000n\000a\000l\000i\000t\000y}{section*.55}% 58
\BOOKMARK [4][-]{section*.60}{\376\377\000O\000p\000t\000i\000o\000n\000a\000l\000\040\000F\000e\000a\000t\000u\000r\000e\000s}{section*.55}% 59
\BOOKMARK [3][-]{section*.61}{\376\377\000A\000.\0001\000.\0002\000:\000\040\000S\000e\000c\000o\000n\000d\000\040\000M\000e\000e\000t\000i\000n\000g\000\040\000o\000n\000\040\000J\000a\000n\000u\000a\000r\000y\000\040\0002\0008\000,\000\040\0002\0000\0001\0005}{section*.54}% 60
\BOOKMARK [3][-]{section*.62}{\376\377\000A\000.\0001\000.\0003\000:\000\040\000T\000h\000i\000r\000d\000\040\000C\000o\000n\000v\000e\000r\000s\000a\000t\000i\000o\000n\000\040\000W\000i\000t\000h\000\040\000C\000l\000i\000e\000n\000t\000\040\000o\000n\000\040\0002\000/\0001\000/\0002\0000\0001\0005}{section*.54}% 61
\BOOKMARK [2][-]{section*.63}{\376\377\000A\000.\0002\000:\000\040\000A\000p\000p\000e\000n\000d\000i\000x\000\040\0002\000:\000\040\000C\000o\000m\000p\000l\000e\000t\000e\000\040\000S\000p\000e\000c\000i\000f\000i\000c\000a\000t\000i\000o\000n\000s\000\040\000N\000o\000t\000e\000s}{section*.53}% 62
\BOOKMARK [3][-]{section*.64}{\376\377\000W\000e\000b\000s\000i\000t\000e\000\040\000L\000a\000y\000o\000u\000t}{section*.63}% 63
\BOOKMARK [3][-]{section*.65}{\376\377\000S\000h\000a\000p\000e\000\040\000o\000f\000\040\000C\000l\000o\000u\000d}{section*.63}% 64
\BOOKMARK [3][-]{section*.66}{\376\377\000S\000e\000a\000r\000c\000h\000\040\000R\000e\000s\000u\000l\000t\000s}{section*.63}% 65
\BOOKMARK [3][-]{section*.67}{\376\377\000W\000e\000b\000s\000i\000t\000e\000\040\000S\000t\000r\000u\000c\000t\000u\000r\000e}{section*.63}% 66
\BOOKMARK [3][-]{section*.68}{\376\377\000H\000a\000r\000d\000w\000a\000r\000e\000\040\000r\000e\000q\000u\000i\000r\000e\000m\000e\000n\000t\000\040\000o\000n\000\040\000S\000R\000S}{section*.63}% 67
\BOOKMARK [3][-]{section*.69}{\376\377\000S\000o\000f\000t\000w\000a\000r\000e\000\040\000I\000n\000t\000e\000r\000f\000a\000c\000e\000s\000\040\000o\000n\000\040\000S\000R\000S}{section*.63}% 68
\BOOKMARK [3][-]{section*.70}{\376\377\000C\000o\000m\000m\000u\000n\000i\000c\000a\000t\000i\000o\000n\000\040\000I\000n\000t\000e\000r\000f\000a\000c\000e\000s\000\040\000o\000n\000\040\000S\000R\000S}{section*.63}% 69
\BOOKMARK [3][-]{section*.71}{\376\377\000F\000u\000n\000c\000t\000i\000o\000n\000a\000l\000\040\000R\000e\000q\000u\000i\000r\000e\000m\000e\000n\000t\000s\000\040\000o\000n\000\040\000S\000R\000S}{section*.63}% 70
\BOOKMARK [3][-]{section*.72}{\376\377\000P\000e\000r\000f\000o\000r\000m\000a\000n\000c\000e\000\040\000R\000e\000q\000u\000i\000r\000e\000m\000e\000n\000t\000s\000\040\000o\000n\000\040\000S\000R\000S}{section*.63}% 71
\BOOKMARK [2][-]{section*.73}{\376\377\000A\000.\0003\000:\000\040\000A\000p\000p\000e\000n\000d\000i\000x\000\040\0003\000:\000\040\000S\000c\000r\000e\000e\000n\000s\000h\000o\000t\000s\000\040\000o\000f\000\040\000P\000r\000o\000t\000o\000t\000y\000p\000e}{section*.53}% 72
