\BOOKMARK [1][-]{section*.2}{\376\377\000E\000x\000e\000c\000u\000t\000i\000v\000e\000\040\000S\000u\000m\000m\000a\000r\000y}{}% 1
\BOOKMARK [1][-]{section*.3}{\376\377\0001\000.\000\040\000I\000n\000t\000r\000o\000d\000u\000c\000t\000i\000o\000n}{}% 2
\BOOKMARK [2][-]{section*.4}{\376\377\0001\000.\0001\000\040\000P\000u\000r\000p\000o\000s\000e}{section*.3}% 3
\BOOKMARK [2][-]{section*.5}{\376\377\0001\000.\0002\000\040\000S\000c\000o\000p\000e}{section*.3}% 4
\BOOKMARK [2][-]{section*.6}{\376\377\0001\000.\0003\000\040\000D\000e\000f\000i\000n\000i\000t\000i\000o\000n\000s\000,\000\040\000A\000c\000r\000o\000n\000y\000m\000s\000,\000\040\000a\000n\000d\000\040\000A\000b\000b\000r\000e\000v\000i\000a\000t\000i\000o\000n\000s}{section*.3}% 5
\BOOKMARK [2][-]{section*.7}{\376\377\0001\000.\0004\000\040\000R\000e\000f\000e\000r\000e\000n\000c\000e\000s}{section*.3}% 6
\BOOKMARK [2][-]{section*.8}{\376\377\0001\000.\0005\000\040\000O\000v\000e\000r\000v\000i\000e\000w}{section*.3}% 7
\BOOKMARK [1][-]{section*.9}{\376\377\0002\000.\000\040\000O\000v\000e\000r\000a\000l\000l\000\040\000D\000e\000s\000c\000r\000i\000p\000t\000i\000o\000n}{}% 8
\BOOKMARK [2][-]{section*.10}{\376\377\0002\000.\0001\000\040\000P\000r\000o\000d\000u\000c\000t\000\040\000P\000e\000r\000s\000p\000e\000c\000t\000i\000v\000e}{section*.9}% 9
\BOOKMARK [3][-]{section*.11}{\376\377\0002\000.\0001\000.\0001\000\040\000S\000y\000s\000t\000e\000m\000\040\000I\000n\000t\000e\000r\000f\000a\000c\000e\000s}{section*.10}% 10
\BOOKMARK [3][-]{section*.12}{\376\377\0002\000.\0001\000.\0002\000\040\000U\000s\000e\000r\000\040\000I\000n\000t\000e\000r\000f\000a\000c\000e\000s}{section*.10}% 11
\BOOKMARK [3][-]{section*.13}{\376\377\0002\000.\0001\000.\0003\000\040\000H\000a\000r\000d\000w\000a\000r\000e\000\040\000I\000n\000t\000e\000r\000f\000a\000c\000e\000s}{section*.10}% 12
\BOOKMARK [3][-]{section*.14}{\376\377\0002\000.\0001\000.\0004\000\040\000S\000o\000f\000t\000w\000a\000r\000e\000\040\000I\000n\000t\000e\000r\000f\000a\000c\000e\000s}{section*.10}% 13
\BOOKMARK [3][-]{section*.15}{\376\377\0002\000.\0001\000.\0005\000\040\000C\000o\000m\000m\000u\000n\000i\000c\000a\000t\000i\000o\000n\000\040\000I\000n\000t\000e\000r\000f\000a\000c\000e\000s}{section*.10}% 14
\BOOKMARK [3][-]{section*.16}{\376\377\0002\000.\0001\000.\0006\000\040\000M\000e\000m\000o\000r\000y\000\040\000c\000o\000n\000s\000t\000r\000a\000i\000n\000t\000s}{section*.10}% 15
\BOOKMARK [2][-]{section*.17}{\376\377\0002\000.\0002\000\040\000P\000r\000o\000d\000u\000c\000t\000\040\000F\000u\000n\000c\000t\000i\000o\000n\000s}{section*.9}% 16
\BOOKMARK [2][-]{section*.18}{\376\377\0002\000.\0003\000\040\000U\000s\000e\000r\000\040\000C\000h\000a\000r\000a\000c\000t\000e\000r\000i\000s\000t\000i\000c\000s}{section*.9}% 17
\BOOKMARK [2][-]{section*.19}{\376\377\0002\000.\0004\000\040\000G\000e\000n\000e\000r\000a\000l\000\040\000C\000o\000n\000s\000t\000r\000a\000i\000n\000t\000s}{section*.9}% 18
\BOOKMARK [2][-]{section*.20}{\376\377\0002\000.\0005\000\040\000A\000s\000s\000u\000m\000p\000t\000i\000o\000n\000s\000\040\000a\000n\000d\000\040\000D\000e\000p\000e\000n\000d\000e\000n\000c\000i\000e\000s}{section*.9}% 19
\BOOKMARK [2][-]{section*.21}{\376\377\0002\000.\0006\000\040\000A\000p\000p\000o\000r\000t\000i\000o\000n\000i\000n\000g\000\040\000o\000f\000\040\000r\000e\000q\000u\000i\000r\000e\000m\000e\000n\000t\000s}{section*.9}% 20
\BOOKMARK [1][-]{section*.22}{\376\377\0003\000.\000\040\000S\000p\000e\000c\000i\000f\000i\000c\000\040\000R\000e\000q\000u\000i\000r\000e\000m\000e\000n\000t\000s}{}% 21
\BOOKMARK [2][-]{section*.23}{\376\377\0003\000.\0001\000\040\000E\000x\000t\000e\000r\000n\000a\000l\000\040\000I\000n\000t\000e\000r\000f\000a\000c\000e\000\040\000R\000e\000q\000u\000i\000r\000e\000m\000e\000n\000t\000s}{section*.22}% 22
\BOOKMARK [3][-]{section*.24}{\376\377\0003\000.\0001\000.\0001\000\040\000U\000s\000e\000r\000\040\000I\000n\000t\000e\000r\000f\000a\000c\000e}{section*.23}% 23
\BOOKMARK [3][-]{section*.31}{\376\377\0003\000.\0001\000.\0002\000\040\000H\000a\000r\000d\000w\000a\000r\000e\000\040\000I\000n\000t\000e\000r\000f\000a\000c\000e}{section*.23}% 24
\BOOKMARK [3][-]{section*.33}{\376\377\0003\000.\0001\000.\0003\000\040\000S\000o\000f\000t\000w\000a\000r\000e\000\040\000I\000n\000t\000e\000r\000f\000a\000c\000e\000s}{section*.23}% 25
\BOOKMARK [2][-]{section*.36}{\376\377\0003\000.\0002\000\040\000F\000u\000n\000c\000t\000i\000o\000n\000a\000l\000\040\000R\000e\000q\000u\000i\000r\000e\000m\000e\000n\000t\000s}{section*.22}% 26
\BOOKMARK [3][-]{section*.37}{\376\377\0003\000.\0002\000.\0001\000\040\000H\000o\000m\000e\000p\000a\000g\000e}{section*.36}% 27
\BOOKMARK [3][-]{section*.42}{\376\377\0003\000.\0002\000.\0002\000\040\000S\000o\000n\000g\000s\000\040\000P\000a\000g\000e}{section*.36}% 28
\BOOKMARK [3][-]{section*.46}{\376\377\0003\000.\0002\000.\0003\000\040\000L\000y\000r\000i\000c\000s\000\040\000p\000a\000g\000e}{section*.36}% 29
\BOOKMARK [2][-]{section*.50}{\376\377\0003\000.\0003\000\040\000P\000e\000r\000f\000o\000r\000m\000a\000n\000c\000e\000\040\000R\000e\000q\000u\000i\000r\000e\000m\000e\000n\000t\000s}{section*.22}% 30
\BOOKMARK [2][-]{section*.51}{\376\377\0003\000.\0004\000\040\000D\000e\000s\000i\000g\000n\000\040\000C\000o\000n\000s\000t\000r\000a\000i\000n\000t\000s}{section*.22}% 31
\BOOKMARK [1][-]{section*.52}{\376\377\0004\000.\000\040\000C\000h\000a\000n\000g\000e\000\040\000M\000a\000n\000a\000g\000e\000m\000e\000n\000t\000\040\000P\000r\000o\000c\000e\000s\000s}{}% 32
\BOOKMARK [1][-]{section*.53}{\376\377\0005\000.\000\040\000A\000p\000p\000e\000n\000d\000i\000c\000e\000s}{}% 33
\BOOKMARK [2][-]{section*.54}{\376\377\0005\000.\0001\000:\000\040\000A\000p\000p\000e\000n\000d\000i\000x\000\040\0001\000:\000\040\000F\000e\000a\000s\000i\000b\000i\000l\000i\000t\000y\000\040\000S\000t\000u\000d\000y}{section*.53}% 34
\BOOKMARK [3][-]{section*.55}{\376\377\000T\000e\000c\000h\000n\000i\000c\000a\000l\000\040\000F\000e\000a\000s\000i\000b\000i\000l\000i\000t\000y}{section*.54}% 35
\BOOKMARK [3][-]{section*.56}{\376\377\000E\000c\000o\000n\000o\000m\000i\000c\000\040\000F\000e\000a\000s\000i\000b\000i\000l\000i\000t\000y}{section*.54}% 36
\BOOKMARK [3][-]{section*.57}{\376\377\000S\000c\000h\000e\000d\000u\000l\000e\000\040\000F\000e\000a\000s\000i\000b\000i\000l\000i\000t\000y}{section*.54}% 37
\BOOKMARK [3][-]{section*.58}{\376\377\000O\000p\000e\000r\000a\000t\000i\000o\000n\000a\000l\000\040\000F\000e\000a\000s\000i\000b\000i\000l\000i\000t\000y}{section*.54}% 38
\BOOKMARK [2][-]{section*.59}{\376\377\0005\000.\0002\000:\000\040\000A\000p\000p\000e\000n\000d\000i\000x\000\040\0002\000:\000\040\000N\000o\000t\000e\000s\000\040\000F\000r\000o\000m\000\040\000M\000e\000e\000t\000i\000n\000g\000s\000\040\000W\000i\000t\000h\000\040\000C\000u\000s\000t\000o\000m\000e\000r\000\040\000\050\000E\000l\000i\000c\000i\000t\000a\000t\000i\000o\000n\000\051}{section*.53}% 39
\BOOKMARK [3][-]{section*.60}{\376\377\0005\000.\0002\000.\0001\000:\000\040\000F\000i\000r\000s\000t\000\040\000M\000e\000e\000t\000i\000n\000g\000\040\000o\000n\000\040\000J\000a\000n\000u\000a\000r\000y\000\040\0002\0006\000,\000\040\0002\0000\0001\0005}{section*.59}% 40
\BOOKMARK [3][-]{section*.66}{\376\377\0005\000.\0002\000.\0002\000:\000\040\000S\000e\000c\000o\000n\000d\000\040\000M\000e\000e\000t\000i\000n\000g\000\040\000o\000n\000\040\000J\000a\000n\000u\000a\000r\000y\000\040\0002\0008\000,\000\040\0002\0000\0001\0005}{section*.59}% 41
\BOOKMARK [3][-]{section*.67}{\376\377\0005\000.\0002\000.\0003\000:\000\040\000T\000h\000i\000r\000d\000\040\000C\000o\000n\000v\000e\000r\000s\000a\000t\000i\000o\000n\000\040\000W\000i\000t\000h\000\040\000C\000l\000i\000e\000n\000t\000\040\000o\000n\000\040\0002\000/\0001\000/\0002\0000\0001\0005}{section*.59}% 42
\BOOKMARK [3][-]{section*.68}{\376\377\0005\000.\0002\000.\0004\000:\000\040\000C\000o\000m\000p\000l\000e\000t\000e\000\040\000S\000p\000e\000c\000i\000f\000i\000c\000a\000t\000i\000o\000n\000s\000\040\000N\000o\000t\000e\000s}{section*.59}% 43
\BOOKMARK [2][-]{section*.78}{\376\377\0005\000.\0003\000:\000\040\000A\000p\000p\000e\000n\000d\000i\000x\000:\000\040\000N\000e\000g\000o\000t\000i\000a\000t\000i\000o\000n\000s}{section*.53}% 44
\BOOKMARK [3][-]{section*.79}{\376\377\0005\000.\0003\000.\0001\000\040\000C\000h\000o\000i\000c\000e\000\040\000o\000f\000\040\000t\000h\000e\000\040\000P\000r\000o\000g\000r\000a\000m\000m\000i\000n\000g\000\040\000L\000a\000n\000g\000u\000a\000g\000e}{section*.78}% 45
\BOOKMARK [3][-]{section*.80}{\376\377\0005\000.\0003\000.\0002\000\040\000I\000m\000a\000g\000e\000s\000\040\000i\000n\000\040\000t\000h\000e\000\040\000A\000u\000t\000o\000c\000o\000m\000p\000l\000e\000t\000e}{section*.78}% 46
\BOOKMARK [3][-]{section*.81}{\376\377\0005\000.\0003\000.\0003\000\040\000W\000o\000r\000d\000\040\000C\000l\000o\000u\000d\000\040\000S\000h\000a\000p\000e}{section*.78}% 47
\BOOKMARK [3][-]{section*.82}{\376\377\0005\000.\0003\000.\0004\000\040\000N\000u\000m\000b\000e\000r\000\040\000o\000f\000\040\000S\000i\000m\000u\000l\000t\000a\000n\000e\000o\000u\000s\000\040\000U\000s\000e\000r\000s}{section*.78}% 48
\BOOKMARK [3][-]{section*.83}{\376\377\000M\000e\000e\000t\000i\000n\000g\000\040\000w\000i\000t\000h\000\040\000c\000l\000i\000e\000n\000t\000\040\000o\000n\000\040\000F\000e\000b\000r\000u\000a\000r\000y\000\040\0005\000,\000\040\0002\0000\0001\0005}{section*.78}% 49
\BOOKMARK [2][-]{section*.84}{\376\377\0005\000.\0004\000:\000\040\000A\000p\000p\000e\000n\000d\000i\000x\000\040\0004\000:\000\040\000S\000p\000e\000c\000i\000f\000i\000c\000a\000t\000i\000o\000n}{section*.53}% 50
\BOOKMARK [2][-]{section*.85}{\376\377\0005\000.\0005\000:\000\040\000A\000p\000p\000e\000n\000d\000i\000x\000\040\0005\000:\000\040\000V\000a\000l\000i\000d\000a\000t\000i\000o\000n}{section*.53}% 51
\BOOKMARK [2][-]{section*.86}{\376\377\0005\000.\0006\000:\000\040\000A\000p\000p\000e\000n\000d\000i\000x\000:\000\040\000S\000c\000r\000e\000e\000n\000s\000h\000o\000t\000s\000\040\000o\000f\000\040\000P\000r\000o\000t\000o\000t\000y\000p\000e}{section*.53}% 52
