\BOOKMARK [1][-]{section*.2}{\376\377\000E\000x\000e\000c\000u\000t\000i\000v\000e\000\040\000S\000u\000m\000m\000a\000r\000y}{}% 1
\BOOKMARK [1][-]{section*.3}{\376\377\0001\000\040\000I\000n\000t\000r\000o\000d\000u\000c\000t\000i\000o\000n}{}% 2
\BOOKMARK [2][-]{section*.4}{\376\377\0001\000.\0001\000\040\000P\000u\000r\000p\000o\000s\000e}{section*.3}% 3
\BOOKMARK [2][-]{section*.5}{\376\377\0001\000.\0002\000\040\000O\000v\000e\000r\000v\000i\000e\000w}{section*.3}% 4
\BOOKMARK [2][-]{section*.6}{\376\377\0001\000.\0003\000\040\000R\000e\000f\000e\000r\000e\000n\000c\000e\000s}{section*.3}% 5
\BOOKMARK [2][-]{section*.7}{\376\377\0001\000.\0004\000\040\000D\000e\000f\000i\000n\000i\000t\000i\000o\000n\000s\000\040\000A\000n\000d\000\040\000A\000c\000r\000o\000n\000y\000m\000s}{section*.3}% 6
\BOOKMARK [1][-]{section*.8}{\376\377\0002\000\040\000S\000y\000s\000t\000e\000m\000\040\000A\000r\000c\000h\000i\000t\000e\000c\000t\000u\000r\000e}{}% 7
\BOOKMARK [2][-]{section*.9}{\376\377\0002\000.\0001\000\040\000D\000a\000t\000a\000\040\000F\000l\000o\000w\000\040\000D\000i\000a\000g\000r\000a\000m}{section*.8}% 8
\BOOKMARK [1][-]{section*.10}{\376\377\0003\000\040\000S\000y\000s\000t\000e\000m\000\040\000D\000e\000s\000i\000g\000n}{}% 9
\BOOKMARK [2][-]{section*.11}{\376\377\0003\000.\0001\000\040\000U\000M\000L\000\040\000C\000l\000a\000s\000s\000\040\000D\000i\000a\000g\000r\000a\000m\000s}{section*.10}% 10
\BOOKMARK [3][-]{section*.12}{\376\377\0003\000.\0001\000.\0001\000\040\000S\000e\000r\000v\000e\000r\000\040\000S\000i\000d\000e\000\040\000C\000l\000a\000s\000s\000\040\000D\000i\000a\000g\000r\000a\000m}{section*.11}% 11
\BOOKMARK [3][-]{section*.13}{\376\377\0003\000.\0001\000.\0002\000\040\000C\000l\000i\000e\000n\000t\000\040\000S\000i\000d\000e\000\040\000C\000l\000a\000s\000s\000\040\000D\000i\000a\000g\000r\000a\000m}{section*.11}% 12
\BOOKMARK [2][-]{section*.14}{\376\377\0003\000.\0002\000\040\000U\000M\000L\000\040\000C\000o\000m\000p\000o\000n\000e\000n\000t\000\040\000D\000i\000a\000g\000r\000a\000m\000s}{section*.10}% 13
\BOOKMARK [2][-]{section*.15}{\376\377\0003\000.\0003\000\040\000U\000M\000L\000\040\000U\000s\000e\000\040\000C\000a\000s\000e\000\040\000D\000i\000a\000g\000r\000a\000m\000s}{section*.10}% 14
\BOOKMARK [2][-]{section*.16}{\376\377\0003\000.\0004\000\040\000U\000M\000L\000\040\000S\000t\000a\000t\000e\000\040\000M\000a\000c\000h\000i\000n\000e\000\040\000D\000i\000a\000g\000r\000a\000m\000s}{section*.10}% 15
\BOOKMARK [2][-]{section*.17}{\376\377\0003\000.\0005\000\040\000U\000M\000L\000\040\000S\000e\000q\000u\000e\000n\000c\000e\000\040\000D\000i\000a\000g\000r\000a\000m\000s}{section*.10}% 16
\BOOKMARK [1][-]{section*.18}{\376\377\0004\000\040\000D\000e\000s\000i\000g\000n\000\040\000E\000v\000a\000l\000u\000a\000t\000i\000o\000n}{}% 17
\BOOKMARK [2][-]{section*.19}{\376\377\0004\000.\0001\000\040\000V\000a\000l\000i\000d\000a\000t\000i\000o\000n}{section*.18}% 18
\BOOKMARK [2][-]{section*.20}{\376\377\0004\000.\0002\000\040\000J\000u\000s\000t\000i\000f\000i\000c\000a\000t\000i\000o\000n\000\040\000o\000f\000\040\000D\000e\000s\000i\000g\000n\000\040\000C\000h\000o\000i\000c\000e\000s}{section*.18}% 19
\BOOKMARK [3][-]{section*.21}{\376\377\0004\000.\0002\000.\0001\000\040\000D\000a\000t\000a\000\040\000F\000l\000o\000w\000\040\000D\000i\000a\000g\000r\000a\000m\000\040\000E\000v\000a\000l\000u\000a\000t\000i\000o\000n}{section*.20}% 20
\BOOKMARK [3][-]{section*.22}{\376\377\0004\000.\0002\000.\0002\000\040\000U\000M\000L\000\040\000C\000l\000a\000s\000s\000\040\000D\000i\000a\000g\000r\000a\000m\000\040\000E\000v\000a\000l\000u\000a\000t\000i\000o\000n}{section*.20}% 21
\BOOKMARK [3][-]{section*.23}{\376\377\0004\000.\0002\000.\0003\000\040\000U\000M\000L\000\040\000C\000o\000m\000p\000o\000n\000e\000n\000t\000\040\000D\000i\000a\000g\000r\000a\000m\000\040\000E\000v\000a\000l\000u\000a\000t\000i\000o\000n}{section*.20}% 22
\BOOKMARK [3][-]{section*.24}{\376\377\0004\000.\0002\000.\0004\000\040\000U\000M\000L\000\040\000U\000s\000e\000\040\000C\000a\000s\000e\000\040\000D\000i\000a\000g\000r\000a\000m\000\040\000E\000v\000a\000l\000u\000a\000t\000i\000o\000n}{section*.20}% 23
\BOOKMARK [3][-]{section*.25}{\376\377\0004\000.\0002\000.\0005\000\040\000U\000M\000L\000\040\000S\000t\000a\000t\000e\000\040\000M\000a\000c\000h\000i\000n\000e\000\040\000D\000i\000a\000g\000r\000a\000m\000\040\000E\000v\000a\000l\000u\000a\000t\000i\000o\000n}{section*.20}% 24
\BOOKMARK [3][-]{section*.26}{\376\377\0004\000.\0002\000.\0006\000\040\000U\000M\000L\000\040\000S\000e\000q\000u\000e\000n\000c\000e\000\040\000D\000i\000a\000g\000r\000a\000m\000\040\000E\000v\000a\000l\000u\000a\000t\000i\000o\000n}{section*.20}% 25
\BOOKMARK [1][-]{section*.27}{\376\377\0005\000.\000\040\000A\000p\000p\000e\000n\000d\000i\000c\000e\000s}{}% 26
\BOOKMARK [2][-]{section*.28}{\376\377\0005\000.\0001\000\040\000D\000e\000s\000i\000g\000n\000\040\000P\000r\000o\000c\000e\000s\000s}{section*.27}% 27
\BOOKMARK [2][-]{section*.29}{\376\377\0005\000.\0002\000\040\000M\000e\000e\000t\000i\000n\000g\000\040\000D\000o\000c\000u\000m\000e\000n\000t\000a\000t\000i\000o\000n}{section*.27}% 28
