\BOOKMARK [1][-]{section*.2}{\376\377\000E\000x\000e\000c\000u\000t\000i\000v\000e\000\040\000S\000u\000m\000m\000a\000r\000y}{}% 1
\BOOKMARK [1][-]{section*.3}{\376\377\0001\000.\000\040\000I\000n\000t\000r\000o\000d\000u\000c\000t\000i\000o\000n}{}% 2
\BOOKMARK [2][-]{section*.4}{\376\377\0001\000.\0001\000\040\000P\000r\000o\000j\000e\000c\000t\000\040\000O\000v\000e\000r\000v\000i\000e\000w}{section*.3}% 3
\BOOKMARK [2][-]{section*.5}{\376\377\0001\000.\0002\000\040\000P\000r\000o\000j\000e\000c\000t\000\040\000D\000e\000l\000i\000v\000e\000r\000a\000b\000l\000e\000s}{section*.3}% 4
\BOOKMARK [2][-]{section*.6}{\376\377\0001\000.\0003\000\040\000E\000v\000o\000l\000u\000t\000i\000o\000n\000\040\000o\000f\000\040\000t\000h\000e\000\040\000S\000P\000M\000P}{section*.3}% 5
\BOOKMARK [2][-]{section*.7}{\376\377\0001\000.\0004\000\040\000R\000e\000f\000e\000r\000e\000n\000c\000e\000\040\000M\000a\000t\000e\000r\000i\000a\000l\000s}{section*.3}% 6
\BOOKMARK [2][-]{section*.8}{\376\377\0001\000.\0005\000\040\000D\000e\000f\000i\000n\000i\000t\000i\000o\000n\000s\000\040\000a\000n\000d\000\040\000A\000c\000r\000o\000n\000y\000m\000s}{section*.3}% 7
\BOOKMARK [1][-]{section*.9}{\376\377\0002\000.\000\040\000P\000r\000o\000c\000e\000s\000s\000\040\000a\000n\000d\000\040\000O\000r\000g\000a\000n\000i\000z\000a\000t\000i\000o\000n}{}% 8
\BOOKMARK [2][-]{section*.10}{\376\377\0002\000.\0001\000\040\000S\000o\000f\000t\000w\000a\000r\000e\000\040\000L\000i\000f\000e\000c\000y\000c\000l\000e\000\040\000P\000r\000o\000c\000e\000s\000s}{section*.9}% 9
\BOOKMARK [2][-]{section*.11}{\376\377\0002\000.\0002\000\040\000T\000e\000a\000m\000\040\000O\000r\000g\000a\000n\000i\000z\000a\000t\000i\000o\000n}{section*.9}% 10
\BOOKMARK [3][-]{section*.12}{\376\377\0002\000.\0002\000.\0001\000\040\000C\000u\000r\000r\000e\000n\000t\000\040\000G\000r\000o\000u\000p\000\040\000P\000r\000o\000c\000e\000s\000s}{section*.11}% 11
\BOOKMARK [3][-]{section*.13}{\376\377\0002\000.\0002\000.\0002\000\040\000S\000t\000a\000f\000f\000\040\000a\000n\000d\000\040\000P\000e\000r\000s\000o\000n\000n\000e\000l\000\040\000P\000l\000a\000n}{section*.11}% 12
\BOOKMARK [3][-]{section*.14}{\376\377\0002\000.\0002\000.\0003\000\040\000S\000t\000a\000f\000f\000\040\000A\000l\000l\000o\000c\000a\000t\000i\000o\000n}{section*.11}% 13
\BOOKMARK [3][-]{section*.15}{\376\377\0002\000.\0002\000.\0004\000\040\000T\000e\000a\000m\000\040\000M\000e\000m\000b\000e\000r\000\040\000D\000e\000s\000c\000r\000i\000p\000t\000i\000o\000n}{section*.11}% 14
\BOOKMARK [1][-]{section*.16}{\376\377\0003\000.\000\040\000C\000o\000s\000t\000\040\000E\000s\000t\000i\000m\000a\000t\000i\000o\000n}{}% 15
\BOOKMARK [2][-]{section*.17}{\376\377\0003\000.\0001\000\040\000C\000o\000s\000t\000\040\000I\000n\000f\000l\000u\000e\000n\000c\000e}{section*.16}% 16
\BOOKMARK [2][-]{section*.18}{\376\377\0003\000.\0002\000\040\000C\000o\000s\000t\000\040\000S\000c\000h\000e\000d\000u\000l\000e\000\040\000R\000e\000l\000a\000t\000i\000o\000n\000s\000h\000i\000p}{section*.16}% 17
\BOOKMARK [2][-]{section*.19}{\376\377\0003\000.\0003\000\040\000D\000e\000v\000e\000l\000o\000p\000m\000e\000n\000t\000\040\000C\000o\000s\000t\000s}{section*.16}% 18
\BOOKMARK [2][-]{section*.20}{\376\377\0003\000.\0004\000\040\000E\000x\000t\000e\000r\000n\000a\000l\000\040\000C\000o\000s\000t\000s}{section*.16}% 19
\BOOKMARK [1][-]{section*.21}{\376\377\0004\000.\000\040\000S\000c\000h\000e\000d\000u\000l\000e\000,\000\040\000M\000i\000l\000e\000s\000t\000o\000n\000e\000s\000,\000\040\000a\000n\000d\000\040\000D\000e\000l\000i\000v\000e\000r\000a\000b\000l\000e\000s}{}% 20
\BOOKMARK [2][-]{section*.22}{\376\377\0004\000.\0001\000\040\000S\000c\000h\000e\000d\000u\000l\000e}{section*.21}% 21
\BOOKMARK [2][-]{section*.23}{\376\377\0004\000.\0001\000.\0001\000\040\000A\000c\000t\000i\000v\000i\000t\000y\000\040\000N\000e\000t\000w\000o\000r\000k}{section*.21}% 22
\BOOKMARK [2][-]{section*.24}{\376\377\0004\000.\0002\000\040\000P\000r\000o\000j\000e\000c\000t\000\040\000M\000i\000l\000e\000s\000t\000o\000n\000e\000s\000\040\000a\000n\000d\000\040\000D\000e\000l\000i\000v\000e\000r\000a\000b\000l\000e\000s}{section*.21}% 23
\BOOKMARK [1][-]{section*.25}{\376\377\0005\000.\000\040\000C\000o\000n\000f\000i\000g\000u\000r\000a\000t\000i\000o\000n\000\040\000M\000a\000n\000a\000g\000e\000m\000e\000n\000t\000\040\000P\000l\000a\000n\000s}{}% 24
\BOOKMARK [2][-]{section*.26}{\376\377\0005\000.\0001\000\040\000P\000r\000o\000d\000u\000c\000t\000\040\000D\000o\000c\000u\000m\000e\000n\000t\000a\000t\000i\000o\000n\000\040\000M\000a\000n\000a\000g\000e\000m\000e\000n\000t}{section*.25}% 25
\BOOKMARK [2][-]{section*.27}{\376\377\0005\000.\0002\000\040\000C\000o\000d\000e\000\040\000B\000a\000s\000e\000\040\000M\000a\000n\000a\000g\000e\000m\000e\000n\000t}{section*.25}% 26
\BOOKMARK [2][-]{section*.28}{\376\377\0005\000.\0003\000\040\000S\000o\000f\000t\000w\000a\000r\000e\000\040\000Q\000u\000a\000l\000i\000t\000y\000\040\000A\000s\000s\000u\000r\000a\000n\000c\000e\000\040\000P\000l\000a\000n}{section*.25}% 27
\BOOKMARK [2][-]{section*.29}{\376\377\0005\000.\0004\000\040\000P\000r\000o\000j\000e\000c\000t\000\040\000M\000o\000n\000i\000t\000o\000r\000i\000n\000g\000\040\000P\000l\000a\000n}{section*.25}% 28
\BOOKMARK [1][-]{section*.30}{\376\377\0006\000.\000\040\000R\000i\000s\000k\000\040\000M\000a\000n\000a\000g\000e\000m\000e\000n\000t\000\040\000P\000l\000a\000n}{}% 29
\BOOKMARK [2][-]{section*.31}{\376\377\0006\000.\0001\000\040\000R\000i\000s\000k\000\040\000I\000d\000e\000n\000t\000i\000f\000i\000c\000a\000t\000i\000o\000n}{section*.30}% 30
\BOOKMARK [2][-]{section*.32}{\376\377\0006\000.\0002\000\040\000R\000i\000s\000k\000\040\000A\000n\000a\000l\000y\000s\000i\000s}{section*.30}% 31
\BOOKMARK [2][-]{section*.33}{\376\377\0006\000.\0003\000\040\000R\000i\000s\000k\000\040\000P\000l\000a\000n\000n\000i\000n\000g}{section*.30}% 32
\BOOKMARK [2][-]{section*.34}{\376\377\0006\000.\0004\000\040\000R\000i\000s\000k\000\040\000M\000o\000n\000i\000t\000o\000r\000i\000n\000g}{section*.30}% 33
\BOOKMARK [1][-]{section*.35}{\376\377\0007\000.\000\040\000A\000p\000p\000e\000n\000d\000i\000c\000e\000s}{}% 34
\BOOKMARK [2][-]{section*.36}{\376\377\000A\000.\0001\000:\000\040\000A\000p\000p\000e\000n\000d\000i\000x\000\040\0001\000:\000\040\000M\000e\000e\000t\000i\000n\000g\000s\000\040\000w\000i\000t\000h\000\040\000C\000u\000s\000t\000o\000m\000e\000r}{section*.35}% 35
\BOOKMARK [3][-]{section*.37}{\376\377\000C\000h\000a\000n\000g\000e\000\040\000t\000o\000\040\000R\000e\000q\000u\000i\000r\000e\000m\000e\000n\000t\000s}{section*.36}% 36
\BOOKMARK [3][-]{section*.38}{\376\377\000A\000d\000d\000e\000d\000\040\000D\000e\000t\000a\000i\000l\000s}{section*.36}% 37
\BOOKMARK [2][-]{section*.39}{\376\377\000A\000.\0002\000:\000\040\000A\000p\000p\000e\000n\000d\000i\000x\000\040\0002\000:\000\040\000M\000e\000t\000r\000i\000c\000\040\000a\000n\000d\000\040\000M\000e\000a\000s\000u\000r\000e\000m\000e\000n\000t}{section*.35}% 38
\BOOKMARK [3][-]{section*.40}{\376\377\000C\000o\000m\000p\000u\000t\000a\000t\000i\000o\000n}{section*.39}% 39
\BOOKMARK [2][-]{section*.41}{\376\377\000A\000.\0003\000:\000\040\000A\000p\000p\000e\000n\000d\000i\000x\000\040\0003\000:\000\040\000C\000O\000C\000O\000M\000O\000\040\000D\000e\000t\000a\000i\000l\000s}{section*.35}% 40
\BOOKMARK [3][-]{section*.42}{\376\377\000F\000o\000r\000m\000u\000l\000a}{section*.41}% 41
\BOOKMARK [2][-]{section*.43}{\376\377\000A\000.\0004\000:\000\040\000A\000p\000p\000e\000n\000d\000i\000x\000\040\0004\000:\000\040\000R\000e\000s\000u\000m\000e\000s}{section*.35}% 42
